<?xml version="1.0" encoding="UTF-8"?>
<!-- Generated by org.testng.reporters.JUnitReportReporter -->
<testsuite hostname="SHRIAUNSH" failures="0" tests="1" name="com.eBanking.testcase.TC_LoginTest_001" time="3.132" errors="0" timestamp="2021-03-04T12:37:42 IST" skipped="0">
  <testcase classname="com.eBanking.testcase.TC_LoginTest_001" name="loginTest" time="3.132"/>
  <system-out>
Hi i am from TC_LoginTest_001  </system-out>
</testsuite> <!-- com.eBanking.testcase.TC_LoginTest_001 -->
