<?xml version="1.0" encoding="UTF-8"?>
<!-- Generated by org.testng.reporters.JUnitReportReporter -->
<testsuite hostname="SHRIAUNSH" failures="0" tests="1" name="com.eBanking.testcase.TC_AddCustomerTest_003" time="19.307" errors="0" timestamp="2021-03-04T12:37:42 IST" skipped="0">
  <testcase classname="com.eBanking.testcase.TC_AddCustomerTest_003" name="addNewCustomer" time="19.307"/>
  <system-out>
Hi i am from TC_AddCustomerTest_003  </system-out>
</testsuite> <!-- com.eBanking.testcase.TC_AddCustomerTest_003 -->
